-0.3	1.99	2.01
-0.2	1.99	2.01
-0.1	1.99	2.01
0	1.99	2.01
0.1	1.99	2.01
0.2	1.99	2.01
0.3	1.99	2.01
0.4	1.99	2.01
0.5	1.9875	2.0125
0.6	1.98563	2.01437
0.7	1.98495	2.01505
0.8	1.98521	2.01479
0.9	1.98609	2.01391
1	1.98607	2.01327
1.1	1.98073	2.0135
1.2	1.96892	2.00438
1.3	1.94146	1.977
1.4	1.8865	1.91974
1.5	1.79347	1.82052
1.6	1.64971	1.67802
1.7	1.46053	1.48795
1.8	1.23738	1.25986
1.9	0.998584	1.0161
2	0.77304	0.783259
2.1	0.587009	0.596433
2.2	0.470077	0.482088
2.3	0.44707	0.456747
2.4	0.525285	0.530103
2.5	0.696898	0.699362
2.6	nan	nan
2.7	nan	nan
2.8	nan	nan
2.9	nan	nan
3	nan	nan
3.1	nan	nan
3.2	nan	nan
3.3	nan	nan
3.4	nan	nan
3.5	nan	nan
3.6	nan	nan
3.7	nan	nan
3.8	nan	nan
3.9	nan	nan
4	nan	nan
4.1	nan	nan
4.2	nan	nan
4.3	nan	nan
4.4	nan	nan
4.5	nan	nan
4.6	nan	nan
4.7	nan	nan
4.8	nan	nan
4.9	nan	nan
5	nan	nan
5.1	nan	nan
5.2	nan	nan
5.3	nan	nan
5.4	nan	nan
5.5	nan	nan
5.6	nan	nan
5.7	nan	nan
5.8	nan	nan
5.9	nan	nan
6	nan	nan
6.1	nan	nan
6.2	nan	nan
6.3	nan	nan
6.4	nan	nan
6.5	nan	nan
6.6	nan	nan
6.7	nan	nan
6.8	nan	nan
6.9	nan	nan
7	nan	nan
7.1	nan	nan
7.2	nan	nan
7.3	nan	nan
7.4	nan	nan
7.5	nan	nan
7.6	nan	nan
7.7	nan	nan
7.8	nan	nan
7.9	nan	nan
8	nan	nan
8.1	nan	nan
8.2	nan	nan
8.3	nan	nan
8.4	nan	nan
8.5	nan	nan
8.6	nan	nan
8.7	nan	nan
8.8	nan	nan
8.9	nan	nan
9	nan	nan
9.1	nan	nan
9.2	nan	nan
9.3	nan	nan
9.4	nan	nan
9.5	nan	nan
9.6	nan	nan
9.7	nan	nan
9.8	nan	nan
9.9	nan	nan
