0	0.9	1
0.05	nan	nan
0.1	nan	nan
0.15	nan	nan
0.2	nan	nan
0.25	nan	nan
0.3	nan	nan
0.35	nan	nan
0.4	nan	nan
0.45	nan	nan
0.5	nan	nan
0.55	nan	nan
0.6	nan	nan
0.65	nan	nan
0.7	nan	nan
0.75	nan	nan
0.8	nan	nan
0.85	nan	nan
0.9	nan	nan
0.95	nan	nan
1	nan	nan
1.05	nan	nan
1.1	nan	nan
1.15	nan	nan
1.2	nan	nan
1.25	nan	nan
1.3	nan	nan
1.35	nan	nan
1.4	nan	nan
1.45	nan	nan
1.5	nan	nan
1.55	nan	nan
1.6	nan	nan
1.65	nan	nan
1.7	nan	nan
1.75	nan	nan
1.8	nan	nan
1.85	nan	nan
1.9	nan	nan
1.95	nan	nan
2	nan	nan
2.05	nan	nan
2.1	nan	nan
2.15	nan	nan
2.2	nan	nan
2.25	nan	nan
2.3	nan	nan
2.35	nan	nan
2.4	nan	nan
2.45	nan	nan
2.5	nan	nan
2.55	nan	nan
2.6	nan	nan
2.65	nan	nan
2.7	nan	nan
2.75	nan	nan
2.8	nan	nan
2.85	nan	nan
2.9	nan	nan
2.95	nan	nan
3	nan	nan
3.05	nan	nan
3.1	nan	nan
3.15	nan	nan
3.2	nan	nan
3.25	nan	nan
3.3	nan	nan
3.35	nan	nan
3.4	nan	nan
3.45	nan	nan
3.5	nan	nan
3.55	nan	nan
3.6	nan	nan
3.65	nan	nan
3.7	nan	nan
3.75	nan	nan
3.8	nan	nan
3.85	nan	nan
3.9	nan	nan
3.95	nan	nan
4	nan	nan
4.05	nan	nan
4.1	nan	nan
4.15	nan	nan
4.2	nan	nan
4.25	nan	nan
4.3	nan	nan
4.35	nan	nan
4.4	nan	nan
4.45	nan	nan
4.5	nan	nan
4.55	nan	nan
4.6	nan	nan
4.65	nan	nan
4.7	nan	nan
4.75	nan	nan
4.8	nan	nan
4.85	nan	nan
4.9	nan	nan
4.95	nan	nan
5	nan	nan
5.05	nan	nan
5.1	nan	nan
5.15	nan	nan
5.2	nan	nan
5.25	nan	nan
5.3	nan	nan
5.35	nan	nan
5.4	nan	nan
5.45	nan	nan
5.5	nan	nan
5.55	nan	nan
5.6	nan	nan
5.65	nan	nan
5.7	nan	nan
5.75	nan	nan
5.8	nan	nan
5.85	nan	nan
5.9	nan	nan
5.95	nan	nan
6	nan	nan
6.05	nan	nan
6.1	nan	nan
6.15	nan	nan
6.2	nan	nan
6.25	nan	nan
6.3	nan	nan
6.35	nan	nan
6.4	nan	nan
6.45	nan	nan
6.5	nan	nan
6.55	nan	nan
6.6	nan	nan
6.65	nan	nan
6.7	nan	nan
6.75	nan	nan
6.8	nan	nan
6.85	nan	nan
6.9	nan	nan
6.95	nan	nan
7	nan	nan
7.05	nan	nan
7.1	nan	nan
7.15	nan	nan
7.2	nan	nan
7.25	nan	nan
7.3	nan	nan
7.35	nan	nan
7.4	nan	nan
7.45	nan	nan
7.5	nan	nan
7.55	nan	nan
7.6	nan	nan
7.65	nan	nan
7.7	nan	nan
7.75	nan	nan
7.8	nan	nan
7.85	nan	nan
7.9	nan	nan
7.95	nan	nan
8	nan	nan
8.05	nan	nan
8.1	nan	nan
8.15	nan	nan
8.2	nan	nan
8.25	nan	nan
8.3	nan	nan
8.35	nan	nan
8.4	nan	nan
8.45	nan	nan
8.5	nan	nan
8.55	nan	nan
8.6	nan	nan
8.65	nan	nan
8.7	nan	nan
8.75	nan	nan
8.8	nan	nan
8.85	nan	nan
8.9	nan	nan
8.95	nan	nan
9	nan	nan
9.05	nan	nan
9.1	nan	nan
9.15	nan	nan
9.2	nan	nan
9.25	nan	nan
9.3	nan	nan
9.35	nan	nan
9.4	nan	nan
9.45	nan	nan
9.5	nan	nan
9.55	nan	nan
9.6	nan	nan
9.65	nan	nan
9.7	nan	nan
9.75	nan	nan
9.8	nan	nan
9.85	nan	nan
9.9	nan	nan
9.95	nan	nan
10	nan	nan
