0	0.9	1
0.05	nan	nan
0.1	nan	nan
0.15	nan	nan
0.2	nan	nan
0.25	nan	nan
0.3	nan	nan
0.35	nan	nan
0.4	nan	nan
0.45	nan	nan
0.5	nan	nan
0.55	nan	nan
0.6	nan	nan
0.65	nan	nan
0.7	nan	nan
0.75	nan	nan
0.8	nan	nan
0.85	nan	nan
0.9	nan	nan
0.95	nan	nan
1	nan	nan
1.05	nan	nan
1.1	nan	nan
1.15	nan	nan
1.2	nan	nan
1.25	nan	nan
1.3	nan	nan
1.35	nan	nan
1.4	nan	nan
1.45	nan	nan
1.5	nan	nan
1.55	nan	nan
1.6	nan	nan
1.65	nan	nan
1.7	nan	nan
1.75	nan	nan
1.8	nan	nan
1.85	nan	nan
1.9	nan	nan
1.95	nan	nan
2	nan	nan
2.05	nan	nan
2.1	nan	nan
2.15	nan	nan
2.2	nan	nan
2.25	nan	nan
2.3	nan	nan
2.35	nan	nan
2.4	nan	nan
2.45	nan	nan
2.5	nan	nan
2.55	nan	nan
2.6	nan	nan
2.65	nan	nan
2.7	nan	nan
2.75	nan	nan
2.8	nan	nan
2.85	nan	nan
2.9	nan	nan
2.95	nan	nan
3	nan	nan
3.05	nan	nan
3.1	nan	nan
3.15	nan	nan
3.2	nan	nan
3.25	nan	nan
3.3	nan	nan
3.35	nan	nan
3.4	nan	nan
3.45	nan	nan
3.5	nan	nan
3.55	nan	nan
3.6	nan	nan
3.65	nan	nan
3.7	nan	nan
3.75	nan	nan
3.8	nan	nan
3.85	nan	nan
3.9	nan	nan
3.95	nan	nan
4	nan	nan
4.05	nan	nan
4.1	nan	nan
4.15	nan	nan
4.2	nan	nan
4.25	nan	nan
4.3	nan	nan
4.35	nan	nan
4.4	nan	nan
4.45	nan	nan
4.5	nan	nan
4.55	nan	nan
4.6	nan	nan
4.65	nan	nan
4.7	nan	nan
4.75	nan	nan
4.8	nan	nan
4.85	nan	nan
4.9	nan	nan
4.95	nan	nan
5	nan	nan
5.05	nan	nan
5.1	nan	nan
5.15	nan	nan
5.2	nan	nan
5.25	nan	nan
5.3	nan	nan
5.35	nan	nan
5.4	nan	nan
5.45	nan	nan
5.5	nan	nan
5.55	nan	nan
5.6	nan	nan
5.65	nan	nan
5.7	nan	nan
5.75	nan	nan
5.8	nan	nan
5.85	nan	nan
5.9	nan	nan
5.95	nan	nan
6	nan	nan
6.05	nan	nan
6.1	1.21158	1.21158
6.15	1.2156	1.21561
6.2	1.21874	1.21874
6.25	1.22099	1.221
6.3	1.22237	1.22237
6.35	1.22289	1.22289
6.4	1.22257	1.22258
6.45	1.22145	1.22145
6.5	1.21955	1.21955
6.55	1.21692	1.21692
6.6	1.21359	1.21359
6.65	nan	nan
6.7	nan	nan
6.75	nan	nan
6.8	nan	nan
6.85	nan	nan
6.9	nan	nan
6.95	nan	nan
7	nan	nan
7.05	nan	nan
7.1	nan	nan
7.15	nan	nan
7.2	nan	nan
7.25	nan	nan
7.3	nan	nan
7.35	nan	nan
7.4	nan	nan
7.45	nan	nan
7.5	nan	nan
7.55	nan	nan
7.6	nan	nan
7.65	nan	nan
7.7	nan	nan
7.75	nan	nan
7.8	nan	nan
7.85	nan	nan
7.9	nan	nan
7.95	nan	nan
8	nan	nan
8.05	nan	nan
8.1	nan	nan
8.15	nan	nan
8.2	nan	nan
8.25	nan	nan
8.3	nan	nan
8.35	nan	nan
8.4	nan	nan
8.45	0.963501	0.963505
8.5	0.959168	0.959171
8.55	0.955072	0.955075
8.6	0.951213	0.951216
8.65	0.947588	0.947591
8.7	0.944196	0.944198
8.75	0.941034	0.941037
8.8	0.938101	0.938103
8.85	0.935393	0.935395
8.9	0.932907	0.932909
8.95	0.93064	0.930642
9	0.928589	0.928591
9.05	0.926751	0.926753
9.1	0.925121	0.925122
9.15	0.923695	0.923697
9.2	0.922471	0.922472
9.25	0.921443	0.921445
9.3	0.920609	0.92061
9.35	0.919963	0.919964
9.4	0.919501	0.919502
9.45	0.919219	0.91922
9.5	0.919113	0.919114
9.55	0.919179	0.91918
9.6	0.919411	0.919412
9.65	0.919805	0.919807
9.7	0.920358	0.920359
9.75	0.921063	0.921064
9.8	0.921917	0.921918
9.85	0.922915	0.922916
9.9	0.924051	0.924053
9.95	0.925322	0.925323
10	0.926722	0.926723
