0	0	0.1
0.05	nan	nan
0.1	nan	nan
0.15	nan	nan
0.2	nan	nan
0.25	nan	nan
0.3	nan	nan
0.35	nan	nan
0.4	nan	nan
0.45	nan	nan
0.5	nan	nan
0.55	nan	nan
0.6	nan	nan
0.65	nan	nan
0.7	nan	nan
0.75	nan	nan
0.8	nan	nan
0.85	nan	nan
0.9	nan	nan
0.95	nan	nan
1	nan	nan
1.05	nan	nan
1.1	nan	nan
1.15	nan	nan
1.2	nan	nan
1.25	nan	nan
1.3	nan	nan
1.35	nan	nan
1.4	nan	nan
1.45	nan	nan
1.5	nan	nan
1.55	nan	nan
1.6	nan	nan
1.65	nan	nan
1.7	nan	nan
1.75	nan	nan
1.8	nan	nan
1.85	nan	nan
1.9	nan	nan
1.95	nan	nan
2	nan	nan
2.05	nan	nan
2.1	nan	nan
2.15	nan	nan
2.2	nan	nan
2.25	nan	nan
2.3	nan	nan
2.35	nan	nan
2.4	nan	nan
2.45	nan	nan
2.5	nan	nan
2.55	nan	nan
2.6	nan	nan
2.65	nan	nan
2.7	nan	nan
2.75	nan	nan
2.8	nan	nan
2.85	nan	nan
2.9	nan	nan
2.95	nan	nan
3	nan	nan
3.05	nan	nan
3.1	nan	nan
3.15	nan	nan
3.2	nan	nan
3.25	nan	nan
3.3	nan	nan
3.35	nan	nan
3.4	nan	nan
3.45	nan	nan
3.5	nan	nan
3.55	nan	nan
3.6	nan	nan
3.65	nan	nan
3.7	nan	nan
3.75	nan	nan
3.8	nan	nan
3.85	nan	nan
3.9	nan	nan
3.95	nan	nan
4	nan	nan
4.05	nan	nan
4.1	1.8848	1.8848
4.15	1.88707	1.88707
4.2	1.88861	1.88861
4.25	1.88941	1.88941
4.3	1.88943	1.88943
4.35	1.88868	1.88868
4.4	nan	nan
4.45	nan	nan
4.5	nan	nan
4.55	nan	nan
4.6	nan	nan
4.65	nan	nan
4.7	nan	nan
4.75	nan	nan
4.8	nan	nan
4.85	nan	nan
4.9	nan	nan
4.95	nan	nan
5	nan	nan
5.05	nan	nan
5.1	nan	nan
5.15	nan	nan
5.2	nan	nan
5.25	nan	nan
5.3	nan	nan
5.35	nan	nan
5.4	nan	nan
5.45	nan	nan
5.5	nan	nan
5.55	nan	nan
5.6	nan	nan
5.65	nan	nan
5.7	nan	nan
5.75	nan	nan
5.8	nan	nan
5.85	nan	nan
5.9	nan	nan
5.95	nan	nan
6	nan	nan
6.05	nan	nan
6.1	nan	nan
6.15	nan	nan
6.2	nan	nan
6.25	nan	nan
6.3	nan	nan
6.35	nan	nan
6.4	nan	nan
6.45	nan	nan
6.5	nan	nan
6.55	nan	nan
6.6	nan	nan
6.65	nan	nan
6.7	1.3189	1.31891
6.75	1.31392	1.31392
6.8	1.30971	1.30972
6.85	1.30626	1.30626
6.9	1.30352	1.30353
6.95	1.30149	1.30149
7	1.30012	1.30012
7.05	1.29938	1.29938
7.1	1.29925	1.29925
7.15	1.29968	1.29968
7.2	1.30066	1.30066
7.25	1.30214	1.30214
7.3	1.3041	1.3041
7.35	1.30651	1.30651
7.4	1.30933	1.30933
7.45	1.31254	1.31254
7.5	nan	nan
7.55	nan	nan
7.6	nan	nan
7.65	nan	nan
7.7	nan	nan
7.75	nan	nan
7.8	nan	nan
7.85	nan	nan
7.9	nan	nan
7.95	nan	nan
8	nan	nan
8.05	nan	nan
8.1	nan	nan
8.15	nan	nan
8.2	nan	nan
8.25	nan	nan
8.3	nan	nan
8.35	nan	nan
8.4	nan	nan
8.45	nan	nan
8.5	nan	nan
8.55	nan	nan
8.6	nan	nan
8.65	nan	nan
8.7	nan	nan
8.75	nan	nan
8.8	nan	nan
8.85	nan	nan
8.9	nan	nan
8.95	nan	nan
9	nan	nan
9.05	nan	nan
9.1	nan	nan
9.15	nan	nan
9.2	nan	nan
9.25	nan	nan
9.3	nan	nan
9.35	nan	nan
9.4	1.52733	1.52733
9.45	1.53165	1.53165
9.5	1.53579	1.5358
9.55	1.53977	1.53977
9.6	1.54358	1.54358
9.65	1.5472	1.5472
9.7	1.55065	1.55065
9.75	1.5539	1.55391
9.8	1.55698	1.55698
9.85	1.55986	1.55986
9.9	1.56255	1.56255
9.95	1.56504	1.56505
10	1.56734	1.56735
