0	-0.1	0.1
0.02	-0.0986163	0.101342
0.04	-0.0964957	0.103338
0.06	-0.0936814	0.105949
0.08	-0.0902147	0.109135
0.1	-0.0861354	0.112859
0.12	-0.0814811	0.117086
0.14	-0.0762882	0.121782
0.16	-0.0705911	0.126915
0.18	-0.0644229	0.132456
0.2	-0.0578153	0.138376
0.22	-0.0507982	0.144647
0.24	-0.0434006	0.151243
0.26	-0.0356498	0.158141
0.28	-0.0275721	0.165317
0.3	-0.0191924	0.172748
0.32	-0.0105345	0.180414
0.34	-0.00162131	0.188295
0.36	0.00752566	0.196372
0.38	0.0168858	0.204628
0.4	0.0264394	0.213045
0.42	0.0361679	0.221608
0.44	0.0460535	0.230301
0.46	0.0560793	0.239111
0.48	0.0662292	0.248023
0.5	0.076488	0.257025
0.52	0.0868413	0.266105
0.54	0.0972753	0.275252
0.56	0.107777	0.284454
0.58	0.118334	0.293702
0.6	0.128934	0.302986
0.62	0.139567	0.312297
0.64	0.150223	0.321626
0.66	0.16089	0.330966
0.68	0.17156	0.340309
0.7	0.182224	0.349648
0.72	0.192874	0.358976
0.74	0.203502	0.368287
0.76	0.2141	0.377576
0.78	0.224662	0.386836
0.8	0.23518	0.396063
0.82	0.24565	0.405252
0.84	0.256064	0.414398
0.86	0.266419	0.423498
0.88	0.276708	0.432547
0.9	0.286927	0.441542
0.92	0.297072	0.450479
0.94	0.307139	0.459356
0.96	0.317123	0.468169
0.98	0.327022	0.476916
1	0.336832	0.485594
1.02	0.346551	0.494202
1.04	0.356175	0.502736
1.06	0.365702	0.511196
1.08	0.375129	0.519579
1.1	0.384455	0.527885
1.12	0.393679	0.536111
1.14	0.402797	0.544256
1.16	0.411809	0.55232
1.18	0.420713	0.560301
1.2	0.429508	0.568198
1.22	0.438193	0.576011
1.24	0.446768	0.583739
1.26	0.455231	0.591381
1.28	0.463582	0.598937
1.3	0.47182	0.606407
1.32	0.479946	0.61379
1.34	0.487958	0.621087
1.36	0.495857	0.628296
1.38	0.503643	0.635419
1.4	0.511316	0.642454
1.42	0.518875	0.649402
1.44	0.526322	0.656264
1.46	0.533656	0.66304
1.48	0.540878	0.669729
1.5	0.547987	0.676332
1.52	0.554986	0.682849
1.54	0.561874	0.689281
1.56	0.568652	0.695628
1.58	0.57532	0.701891
1.6	0.58188	0.70807
1.62	0.588332	0.714166
1.64	0.594677	0.720179
1.66	0.600916	0.72611
1.68	0.607049	0.731959
1.7	0.613078	0.737727
1.72	0.619004	0.743415
1.74	0.624827	0.749023
1.76	0.630549	0.754553
1.78	0.636171	0.760004
1.8	0.641693	0.765378
1.82	0.647117	0.770675
1.84	0.652444	0.775896
1.86	0.657675	0.781042
1.88	0.662811	0.786113
1.9	0.667854	0.79111
1.92	0.672804	0.796035
1.94	0.677664	0.800887
1.96	0.682433	0.805667
1.98	0.687113	0.810377
2	0.691706	0.815017
2.02	0.696213	0.819588
2.04	0.700634	0.824091
2.06	0.704972	0.828525
2.08	0.709226	0.832894
2.1	0.713399	0.837196
2.12	0.717492	0.841433
2.14	0.721505	0.845606
2.16	0.725441	0.849715
2.18	0.7293	0.853762
2.2	0.733083	0.857746
2.22	0.736792	0.86167
2.24	0.740428	0.865533
2.26	0.743992	0.869336
2.28	0.747484	0.873081
2.3	0.750908	0.876767
2.32	0.754262	0.880397
2.34	0.757549	0.88397
2.36	0.76077	0.887487
2.38	0.763926	0.890949
2.4	0.767017	0.894357
2.42	0.770046	0.897711
2.44	0.773013	0.901013
2.46	0.775919	0.904262
2.48	0.778765	0.907461
2.5	0.781552	0.910608
2.52	0.784282	0.913707
2.54	0.786955	0.916755
2.56	0.789573	0.919756
2.58	0.792135	0.922709
2.6	0.794645	0.925614
2.62	0.797101	0.928474
2.64	0.799506	0.931288
2.66	0.80186	0.934057
2.68	0.804164	0.936781
2.7	0.806419	0.939462
2.72	0.808626	0.9421
2.74	0.810787	0.944695
2.76	0.812901	0.947249
2.78	0.814969	0.949761
2.8	0.816993	0.952234
2.82	0.818974	0.954666
2.84	0.820912	0.957059
2.86	0.822807	0.959413
2.88	0.824662	0.961729
2.9	0.826476	0.964008
2.92	0.828251	0.966249
2.94	0.829987	0.968454
2.96	0.831685	0.970624
2.98	0.833346	0.972758
3	0.83497	0.974857
3.02	0.836559	0.976923
3.04	0.838112	0.978954
3.06	0.839631	0.980953
3.08	0.841116	0.982918
3.1	0.842568	0.984852
3.12	0.843988	0.986754
3.14	0.845377	0.988625
3.16	0.846734	0.990465
3.18	0.84806	0.992276
3.2	0.849357	0.994056
3.22	0.850625	0.995808
3.24	0.851864	0.99753
3.26	0.853075	0.999224
3.28	0.854259	1.00089
3.3	0.855416	1.00253
3.32	0.856546	1.00414
3.34	0.857651	1.00573
3.36	0.85873	1.00729
3.38	0.859785	1.00882
3.4	0.860816	1.01033
3.42	0.861823	1.01181
3.44	0.862807	1.01327
3.46	0.863768	1.01471
3.48	0.864707	1.01612
3.5	0.865624	1.01751
3.52	0.86652	1.01887
3.54	0.867395	1.02022
3.56	0.86825	1.02154
3.58	0.869085	1.02283
3.6	0.8699	1.02411
3.62	0.870697	1.02537
3.64	0.871474	1.0266
3.66	0.872234	1.02782
3.68	0.872975	1.02901
3.7	0.873699	1.03019
3.72	0.874406	1.03134
3.74	0.875097	1.03248
3.76	0.87577	1.0336
3.78	0.876428	1.0347
3.8	0.87707	1.03578
3.82	0.877697	1.03684
3.84	0.878309	1.03788
3.86	0.878906	1.03891
3.88	0.879489	1.03992
3.9	0.880058	1.04092
3.92	0.880614	1.04189
3.94	0.881156	1.04285
3.96	0.881684	1.0438
3.98	0.8822	1.04473
4	0.882704	1.04564
4.02	0.883195	1.04654
4.04	0.883674	1.04743
4.06	0.884142	1.04829
4.08	0.884598	1.04915
4.1	0.885043	1.04999
4.12	0.885477	1.05082
4.14	0.885901	1.05163
4.16	0.886313	1.05243
4.18	0.886716	1.05321
4.2	0.887109	1.05399
4.22	0.887492	1.05475
4.24	0.887866	1.05549
4.26	0.88823	1.05623
4.28	0.888585	1.05695
4.3	0.888932	1.05766
4.32	0.889269	1.05836
4.34	0.889598	1.05905
4.36	0.889919	1.05972
4.38	0.890232	1.06039
4.4	0.890537	1.06104
4.42	0.890834	1.06168
4.44	0.891124	1.06231
4.46	0.891406	1.06293
4.48	0.891682	1.06354
4.5	0.89195	1.06414
4.52	0.892211	1.06473
4.54	0.892466	1.06531
4.56	0.892714	1.06589
4.58	0.892955	1.06645
4.6	0.893191	1.067
4.62	0.89342	1.06754
4.64	0.893643	1.06807
4.66	0.893861	1.0686
4.68	0.894073	1.06912
4.7	0.894279	1.06962
4.72	0.89448	1.07012
4.74	0.894676	1.07061
4.76	0.894866	1.07109
4.78	0.895051	1.07157
4.8	0.895232	1.07203
4.82	0.895407	1.07249
4.84	0.895578	1.07294
4.86	0.895745	1.07339
4.88	0.895906	1.07382
4.9	0.896064	1.07425
4.92	0.896217	1.07468
4.94	0.896366	1.07509
4.96	0.896511	1.0755
4.98	0.896651	1.0759
5	0.896788	1.07629
5.02	0.896921	1.07668
