0	-0.1	0.1
0.02	-0.0986584	0.101384
0.04	-0.0966617	0.103504
0.06	-0.0940509	0.106319
0.08	-0.090865	0.109785
0.1	-0.0871412	0.113865
0.12	-0.0829145	0.118519
0.14	-0.0782185	0.123712
0.16	-0.0730849	0.129409
0.18	-0.067544	0.135577
0.2	-0.0616244	0.142185
0.22	-0.0553533	0.149202
0.24	-0.0487566	0.156599
0.26	-0.0418589	0.16435
0.28	-0.0346834	0.172428
0.3	-0.0272522	0.180808
0.32	-0.0195861	0.189465
0.34	-0.0117051	0.198379
0.36	-0.00362778	0.207526
0.38	0.0046279	0.216886
0.4	0.0130451	0.226439
0.42	0.021608	0.236168
0.44	0.0303013	0.246054
0.46	0.0391109	0.256079
0.48	0.0480231	0.266229
0.5	0.0570253	0.276488
0.52	0.0661053	0.286841
0.54	0.0752518	0.297275
0.56	0.0844541	0.307777
0.58	0.0937019	0.318334
0.6	0.102986	0.328934
0.62	0.112297	0.339567
0.64	0.121626	0.350223
0.66	0.130966	0.36089
0.68	0.140309	0.37156
0.7	0.149648	0.382224
0.72	0.158976	0.392874
0.74	0.168287	0.403502
0.76	0.177576	0.4141
0.78	0.186836	0.424662
0.8	0.196063	0.43518
0.82	0.205252	0.44565
0.84	0.214398	0.456064
0.86	0.223498	0.466419
0.88	0.232547	0.476708
0.9	0.241542	0.486927
0.92	0.250479	0.497072
0.94	0.259356	0.507139
0.96	0.268169	0.517123
0.98	0.276916	0.527022
1	0.285594	0.536832
1.02	0.294202	0.546551
1.04	0.302736	0.556175
1.06	0.311196	0.565702
1.08	0.319579	0.575129
1.1	0.327885	0.584455
1.12	0.336111	0.593679
1.14	0.344256	0.602797
1.16	0.35232	0.611809
1.18	0.360301	0.620713
1.2	0.368198	0.629508
1.22	0.376011	0.638193
1.24	0.383739	0.646768
1.26	0.391381	0.655231
1.28	0.398937	0.663582
1.3	0.406407	0.67182
1.32	0.41379	0.679946
1.34	0.421087	0.687958
1.36	0.428296	0.695857
1.38	0.435419	0.703643
1.4	0.442454	0.711316
1.42	0.449402	0.718875
1.44	0.456264	0.726322
1.46	0.46304	0.733656
1.48	0.469729	0.740878
1.5	0.476332	0.747987
1.52	0.482849	0.754986
1.54	0.489281	0.761874
1.56	0.495628	0.768652
1.58	0.501891	0.77532
1.6	0.50807	0.78188
1.62	0.514166	0.788332
1.64	0.520179	0.794677
1.66	0.52611	0.800916
1.68	0.531959	0.807049
1.7	0.537727	0.813078
1.72	0.543415	0.819004
1.74	0.549023	0.824827
1.76	0.554553	0.830549
1.78	0.560004	0.836171
1.8	0.565378	0.841693
1.82	0.570675	0.847117
1.84	0.575896	0.852444
1.86	0.581042	0.857675
1.88	0.586113	0.862811
1.9	0.59111	0.867854
1.92	0.596035	0.872804
1.94	0.600887	0.877664
1.96	0.605667	0.882433
1.98	0.610377	0.887113
2	0.615017	0.891706
2.02	0.619588	0.896213
2.04	0.624091	0.900634
2.06	0.628525	0.904972
2.08	0.632894	0.909226
2.1	0.637196	0.913399
2.12	0.641433	0.917492
2.14	0.645606	0.921505
2.16	0.649715	0.925441
2.18	0.653762	0.9293
2.2	0.657746	0.933083
2.22	0.66167	0.936792
2.24	0.665533	0.940428
2.26	0.669336	0.943992
2.28	0.673081	0.947484
2.3	0.676767	0.950908
2.32	0.680397	0.954262
2.34	0.68397	0.957549
2.36	0.687487	0.96077
2.38	0.690949	0.963926
2.4	0.694357	0.967017
2.42	0.697711	0.970046
2.44	0.701013	0.973013
2.46	0.704262	0.975919
2.48	0.707461	0.978765
2.5	0.710608	0.981552
2.52	0.713707	0.984282
2.54	0.716755	0.986955
2.56	0.719756	0.989573
2.58	0.722709	0.992135
2.6	0.725614	0.994645
2.62	0.728474	0.997101
2.64	0.731288	0.999506
2.66	0.734057	1.00186
2.68	0.736781	1.00416
2.7	0.739462	1.00642
2.72	0.7421	1.00863
2.74	0.744695	1.01079
2.76	0.747249	1.0129
2.78	0.749761	1.01497
2.8	0.752234	1.01699
2.82	0.754666	1.01897
2.84	0.757059	1.02091
2.86	0.759413	1.02281
2.88	0.761729	1.02466
2.9	0.764008	1.02648
2.92	0.766249	1.02825
2.94	0.768454	1.02999
2.96	0.770624	1.03169
2.98	0.772758	1.03335
3	0.774857	1.03497
3.02	0.776923	1.03656
3.04	0.778954	1.03811
3.06	0.780953	1.03963
3.08	0.782918	1.04112
3.1	0.784852	1.04257
3.12	0.786754	1.04399
3.14	0.788625	1.04538
3.16	0.790465	1.04673
3.18	0.792276	1.04806
3.2	0.794056	1.04936
3.22	0.795808	1.05062
3.24	0.79753	1.05186
3.26	0.799224	1.05308
3.28	0.800891	1.05426
3.3	0.80253	1.05542
3.32	0.804142	1.05655
3.34	0.805728	1.05765
3.36	0.807287	1.05873
3.38	0.808821	1.05979
3.4	0.81033	1.06082
3.42	0.811813	1.06182
3.44	0.813273	1.06281
3.46	0.814708	1.06377
3.48	0.816119	1.06471
3.5	0.817508	1.06562
3.52	0.818873	1.06652
3.54	0.820216	1.0674
3.56	0.821536	1.06825
3.58	0.822835	1.06909
3.6	0.824112	1.0699
3.62	0.825368	1.0707
3.64	0.826603	1.07147
3.66	0.827818	1.07223
3.68	0.829013	1.07298
3.7	0.830188	1.0737
3.72	0.831343	1.07441
3.74	0.832479	1.0751
3.76	0.833597	1.07577
3.78	0.834696	1.07643
3.8	0.835776	1.07707
3.82	0.836839	1.0777
3.84	0.837884	1.07831
3.86	0.838912	1.07891
3.88	0.839922	1.07949
3.9	0.840916	1.08006
3.92	0.841893	1.08061
3.94	0.842855	1.08116
3.96	0.8438	1.08168
3.98	0.844729	1.0822
4	0.845643	1.0827
4.02	0.846542	1.08319
4.04	0.847425	1.08367
4.06	0.848294	1.08414
4.08	0.849149	1.0846
4.1	0.849989	1.08504
4.12	0.850816	1.08548
4.14	0.851628	1.0859
4.16	0.852427	1.08631
4.18	0.853213	1.08672
4.2	0.853986	1.08711
4.22	0.854746	1.08749
4.24	0.855493	1.08787
4.26	0.856228	1.08823
4.28	0.85695	1.08859
4.3	0.85766	1.08893
4.32	0.858359	1.08927
4.34	0.859046	1.0896
4.36	0.859721	1.08992
4.38	0.860385	1.09023
4.4	0.861038	1.09054
4.42	0.861681	1.09083
4.44	0.862312	1.09112
4.46	0.862933	1.09141
4.48	0.863543	1.09168
4.5	0.864144	1.09195
4.52	0.864734	1.09221
4.54	0.865314	1.09247
4.56	0.865885	1.09271
4.58	0.866446	1.09296
4.6	0.866998	1.09319
4.62	0.867541	1.09342
4.64	0.868074	1.09364
4.66	0.868599	1.09386
4.68	0.869115	1.09407
4.7	0.869622	1.09428
4.72	0.870121	1.09448
4.74	0.870612	1.09468
4.76	0.871094	1.09487
4.78	0.871568	1.09505
4.8	0.872035	1.09523
4.82	0.872493	1.09541
4.84	0.872945	1.09558
4.86	0.873388	1.09574
4.88	0.873824	1.09591
4.9	0.874253	1.09606
4.92	0.874675	1.09622
4.94	0.87509	1.09637
4.96	0.875498	1.09651
4.98	0.875899	1.09665
5	0.876294	1.09679
5.02	0.876682	1.09692
