\BOOKMARK [1][-]{section.1}{Introduction and references}{}% 1
\BOOKMARK [1][-]{section.2}{Installation}{}% 2
\BOOKMARK [2][-]{subsection.2.1}{Using docker}{section.2}% 3
\BOOKMARK [2][-]{subsection.2.2}{Building from sources}{section.2}% 4
\BOOKMARK [1][-]{section.3}{Running the reachability analysis }{}% 5
\BOOKMARK [2][-]{subsection.3.1}{Running existing systems }{section.3}% 6
\BOOKMARK [3][-]{subsubsection.3.1.1}{Continuous-time differential systems \(ODEs\)}{subsection.3.1}% 7
\BOOKMARK [3][-]{subsubsection.3.1.2}{Continuous-time delay differential systems with constant delays \(DDEs\)}{subsection.3.1}% 8
\BOOKMARK [3][-]{subsubsection.3.1.3}{Discrete-time dynamical systems}{subsection.3.1}% 9
\BOOKMARK [3][-]{subsubsection.3.1.4}{Neural network controlled dynamical systems \(continuous-time or discrete-time\)}{subsection.3.1}% 10
\BOOKMARK [2][-]{subsection.3.2}{Modifying / adding one's own example}{section.3}% 11
\BOOKMARK [1][-]{section.4}{Parameters and Configuration File }{}% 12
\BOOKMARK [2][-]{subsection.4.1}{Sample configuration file: parameters common to all system types}{section.4}% 13
\BOOKMARK [2][-]{subsection.4.2}{Parameters specific to ODEs \(when systype is ode\)}{section.4}% 14
\BOOKMARK [2][-]{subsection.4.3}{Parameters specific to DDEs \(when systype is dde\)}{section.4}% 15
\BOOKMARK [2][-]{subsection.4.4}{Parameters specific to discrete-time systems \(when systype is discrete\)}{section.4}% 16
\BOOKMARK [2][-]{subsection.4.5}{Parameters specific to neural network controlled dynamical systems \(systype can be either ode or discrete\)}{section.4}% 17
\BOOKMARK [1][-]{section.5}{Visualizing results}{}% 18
\BOOKMARK [1][-]{section.6}{Examples}{}% 19
\BOOKMARK [1][-]{section.7}{License}{}% 20
